# Logfile created on 2014-01-18 06:53:23 +0000 by logger.rb/25413
I, [2014-01-18T06:53:23.490523 #5033]  INFO -- : 0:  rake (10.1.0) from /home/vagrant/.rbenv/versions/1.9.2-p290/lib/ruby/gems/1.9.1/specifications/rake-10.1.0.gemspec
I, [2014-01-18T06:53:23.492575 #5033]  INFO -- : 0:  i18n (0.6.1) from /home/vagrant/.rbenv/versions/1.9.2-p290/lib/ruby/gems/1.9.1/specifications/i18n-0.6.1.gemspec
I, [2014-01-18T06:53:23.494543 #5033]  INFO -- : 0:  multi_json (1.0.4) from /home/vagrant/.rbenv/versions/1.9.2-p290/lib/ruby/gems/1.9.1/specifications/multi_json-1.0.4.gemspec
I, [2014-01-18T06:53:23.497197 #5033]  INFO -- : 0:  activesupport (3.2.13) from /home/vagrant/.rbenv/versions/1.9.2-p290/lib/ruby/gems/1.9.1/specifications/activesupport-3.2.13.gemspec
I, [2014-01-18T06:53:23.499347 #5033]  INFO -- : 0:  builder (3.0.4) from /home/vagrant/.rbenv/versions/1.9.2-p290/lib/ruby/gems/1.9.1/specifications/builder-3.0.4.gemspec
I, [2014-01-18T06:53:23.501639 #5033]  INFO -- : 0:  activemodel (3.2.13) from /home/vagrant/.rbenv/versions/1.9.2-p290/lib/ruby/gems/1.9.1/specifications/activemodel-3.2.13.gemspec
I, [2014-01-18T06:53:23.504338 #5033]  INFO -- : 0:  erubis (2.7.0) from /home/vagrant/.rbenv/versions/1.9.2-p290/lib/ruby/gems/1.9.1/specifications/erubis-2.7.0.gemspec
I, [2014-01-18T06:53:23.507876 #5033]  INFO -- : 0:  journey (1.0.4) from /home/vagrant/.rbenv/versions/1.9.2-p290/lib/ruby/gems/1.9.1/specifications/journey-1.0.4.gemspec
I, [2014-01-18T06:53:23.510199 #5033]  INFO -- : 0:  rack (1.4.5) from /home/vagrant/.rbenv/versions/1.9.2-p290/lib/ruby/gems/1.9.1/specifications/rack-1.4.5.gemspec
I, [2014-01-18T06:53:23.513287 #5033]  INFO -- : 0:  rack-cache (1.2) from /home/vagrant/.rbenv/versions/1.9.2-p290/lib/ruby/gems/1.9.1/specifications/rack-cache-1.2.gemspec
I, [2014-01-18T06:53:23.516167 #5033]  INFO -- : 0:  rack-test (0.6.2) from /home/vagrant/.rbenv/versions/1.9.2-p290/lib/ruby/gems/1.9.1/specifications/rack-test-0.6.2.gemspec
I, [2014-01-18T06:53:23.520769 #5033]  INFO -- : 0:  hike (1.2.3) from /home/vagrant/.rbenv/versions/1.9.2-p290/lib/ruby/gems/1.9.1/specifications/hike-1.2.3.gemspec
I, [2014-01-18T06:53:23.526080 #5033]  INFO -- : 0:  tilt (1.4.1) from /home/vagrant/.rbenv/versions/1.9.2-p290/lib/ruby/gems/1.9.1/specifications/tilt-1.4.1.gemspec
I, [2014-01-18T06:53:23.529011 #5033]  INFO -- : 0:  sprockets (2.2.2) from /home/vagrant/.rbenv/versions/1.9.2-p290/lib/ruby/gems/1.9.1/specifications/sprockets-2.2.2.gemspec
I, [2014-01-18T06:53:23.531011 #5033]  INFO -- : 0:  actionpack (3.2.13) from /home/vagrant/.rbenv/versions/1.9.2-p290/lib/ruby/gems/1.9.1/specifications/actionpack-3.2.13.gemspec
I, [2014-01-18T06:53:23.533860 #5033]  INFO -- : 0:  mime-types (1.23) from /home/vagrant/.rbenv/versions/1.9.2-p290/lib/ruby/gems/1.9.1/specifications/mime-types-1.23.gemspec
I, [2014-01-18T06:53:23.536411 #5033]  INFO -- : 0:  polyglot (0.3.3) from /home/vagrant/.rbenv/versions/1.9.2-p290/lib/ruby/gems/1.9.1/specifications/polyglot-0.3.3.gemspec
I, [2014-01-18T06:53:23.539672 #5033]  INFO -- : 0:  treetop (1.4.14) from /home/vagrant/.rbenv/versions/1.9.2-p290/lib/ruby/gems/1.9.1/specifications/treetop-1.4.14.gemspec
I, [2014-01-18T06:53:23.541862 #5033]  INFO -- : 0:  mail (2.5.4) from /home/vagrant/.rbenv/versions/1.9.2-p290/lib/ruby/gems/1.9.1/specifications/mail-2.5.4.gemspec
I, [2014-01-18T06:53:23.543885 #5033]  INFO -- : 0:  actionmailer (3.2.13) from /home/vagrant/.rbenv/versions/1.9.2-p290/lib/ruby/gems/1.9.1/specifications/actionmailer-3.2.13.gemspec
I, [2014-01-18T06:53:23.546233 #5033]  INFO -- : 0:  arel (3.0.2) from /home/vagrant/.rbenv/versions/1.9.2-p290/lib/ruby/gems/1.9.1/specifications/arel-3.0.2.gemspec
I, [2014-01-18T06:53:23.548210 #5033]  INFO -- : 0:  tzinfo (0.3.37) from /home/vagrant/.rbenv/versions/1.9.2-p290/lib/ruby/gems/1.9.1/specifications/tzinfo-0.3.37.gemspec
I, [2014-01-18T06:53:23.550331 #5033]  INFO -- : 0:  activerecord (3.2.13) from /home/vagrant/.rbenv/versions/1.9.2-p290/lib/ruby/gems/1.9.1/specifications/activerecord-3.2.13.gemspec
I, [2014-01-18T06:53:23.553023 #5033]  INFO -- : 0:  activeresource (3.2.13) from /home/vagrant/.rbenv/versions/1.9.2-p290/lib/ruby/gems/1.9.1/specifications/activeresource-3.2.13.gemspec
I, [2014-01-18T06:53:23.556077 #5033]  INFO -- : 0:  json (1.8.0) from /home/vagrant/.rbenv/versions/1.9.2-p290/lib/ruby/gems/1.9.1/specifications/json-1.8.0.gemspec
I, [2014-01-18T06:53:23.558048 #5033]  INFO -- : 0:  carrierwave (0.9.0) from /home/vagrant/.rbenv/versions/1.9.2-p290/lib/ruby/gems/1.9.1/specifications/carrierwave-0.9.0.gemspec
I, [2014-01-18T06:53:23.560438 #5033]  INFO -- : 0:  coffee-script-source (1.6.3) from /home/vagrant/.rbenv/versions/1.9.2-p290/lib/ruby/gems/1.9.1/specifications/coffee-script-source-1.6.3.gemspec
I, [2014-01-18T06:53:23.562775 #5033]  INFO -- : 0:  execjs (1.4.0) from /home/vagrant/.rbenv/versions/1.9.2-p290/lib/ruby/gems/1.9.1/specifications/execjs-1.4.0.gemspec
I, [2014-01-18T06:53:23.565117 #5033]  INFO -- : 0:  coffee-script (2.2.0) from /home/vagrant/.rbenv/versions/1.9.2-p290/lib/ruby/gems/1.9.1/specifications/coffee-script-2.2.0.gemspec
I, [2014-01-18T06:53:23.567791 #5033]  INFO -- : 0:  rack-ssl (1.3.3) from /home/vagrant/.rbenv/versions/1.9.2-p290/lib/ruby/gems/1.9.1/specifications/rack-ssl-1.3.3.gemspec
I, [2014-01-18T06:53:23.570285 #5033]  INFO -- : 0:  rdoc (3.12.2) from /home/vagrant/.rbenv/versions/1.9.2-p290/lib/ruby/gems/1.9.1/specifications/rdoc-3.12.2.gemspec
I, [2014-01-18T06:53:23.572644 #5033]  INFO -- : 0:  thor (0.18.1) from /home/vagrant/.rbenv/versions/1.9.2-p290/lib/ruby/gems/1.9.1/specifications/thor-0.18.1.gemspec
I, [2014-01-18T06:53:23.575348 #5033]  INFO -- : 0:  railties (3.2.13) from /home/vagrant/.rbenv/versions/1.9.2-p290/lib/ruby/gems/1.9.1/specifications/railties-3.2.13.gemspec
I, [2014-01-18T06:53:23.577854 #5033]  INFO -- : 0:  coffee-rails (3.2.2) from /home/vagrant/.rbenv/versions/1.9.2-p290/lib/ruby/gems/1.9.1/specifications/coffee-rails-3.2.2.gemspec
I, [2014-01-18T06:53:23.579241 #5033]  INFO -- : 0:  excon (0.13.4) from /home/vagrant/.rbenv/versions/1.9.2-p290/lib/ruby/gems/1.9.1/specifications/excon-0.13.4.gemspec
I, [2014-01-18T06:53:23.581601 #5033]  INFO -- : 0:  formatador (0.2.4) from /home/vagrant/.rbenv/versions/1.9.2-p290/lib/ruby/gems/1.9.1/specifications/formatador-0.2.4.gemspec
I, [2014-01-18T06:53:23.583975 #5033]  INFO -- : 0:  net-ssh (2.6.8) from /home/vagrant/.rbenv/versions/1.9.2-p290/lib/ruby/gems/1.9.1/specifications/net-ssh-2.6.8.gemspec
I, [2014-01-18T06:53:23.586248 #5033]  INFO -- : 0:  net-scp (1.0.4) from /home/vagrant/.rbenv/versions/1.9.2-p290/lib/ruby/gems/1.9.1/specifications/net-scp-1.0.4.gemspec
I, [2014-01-18T06:53:23.590181 #5033]  INFO -- : 0:  nokogiri (1.5.10) from /home/vagrant/.rbenv/versions/1.9.2-p290/lib/ruby/gems/1.9.1/specifications/nokogiri-1.5.10.gemspec
I, [2014-01-18T06:53:23.592247 #5033]  INFO -- : 0:  ruby-hmac (0.4.0) from /home/vagrant/.rbenv/versions/1.9.2-p290/lib/ruby/gems/1.9.1/specifications/ruby-hmac-0.4.0.gemspec
I, [2014-01-18T06:53:23.594613 #5033]  INFO -- : 0:  fog (1.3.1) from /home/vagrant/.rbenv/versions/1.9.2-p290/lib/ruby/gems/1.9.1/specifications/fog-1.3.1.gemspec
I, [2014-01-18T06:53:23.596467 #5033]  INFO -- : 0:  gravatar_image_tag (0.1.0) from /home/vagrant/.rbenv/versions/1.9.2-p290/lib/ruby/gems/1.9.1/specifications/gravatar_image_tag-0.1.0.gemspec
I, [2014-01-18T06:53:23.598039 #5033]  INFO -- : 0:  jquery-rails (3.0.4) from /home/vagrant/.rbenv/versions/1.9.2-p290/lib/ruby/gems/1.9.1/specifications/jquery-rails-3.0.4.gemspec
I, [2014-01-18T06:53:23.600346 #5033]  INFO -- : 0:  pg (0.16.0) from /home/vagrant/.rbenv/versions/1.9.2-p290/lib/ruby/gems/1.9.1/specifications/pg-0.16.0.gemspec
I, [2014-01-18T06:53:23.602797 #5033]  INFO -- : 0:  bundler (1.5.1) from /home/vagrant/.rbenv/versions/1.9.2-p290/lib/ruby/gems/1.9.1/specifications/bundler-1.5.1.gemspec
I, [2014-01-18T06:53:23.605563 #5033]  INFO -- : 0:  rails (3.2.13) from /home/vagrant/.rbenv/versions/1.9.2-p290/lib/ruby/gems/1.9.1/specifications/rails-3.2.13.gemspec
I, [2014-01-18T06:53:23.607869 #5033]  INFO -- : 0:  rmagick (2.13.2) from /home/vagrant/.rbenv/versions/1.9.2-p290/lib/ruby/gems/1.9.1/specifications/rmagick-2.13.2.gemspec
I, [2014-01-18T06:53:23.610226 #5033]  INFO -- : 0:  sass (3.2.10) from /home/vagrant/.rbenv/versions/1.9.2-p290/lib/ruby/gems/1.9.1/specifications/sass-3.2.10.gemspec
I, [2014-01-18T06:53:23.612935 #5033]  INFO -- : 0:  sass-rails (3.2.6) from /home/vagrant/.rbenv/versions/1.9.2-p290/lib/ruby/gems/1.9.1/specifications/sass-rails-3.2.6.gemspec
I, [2014-01-18T06:53:23.615306 #5033]  INFO -- : 0:  sqlite3 (1.3.7) from /home/vagrant/.rbenv/versions/1.9.2-p290/lib/ruby/gems/1.9.1/specifications/sqlite3-1.3.7.gemspec
I, [2014-01-18T06:53:23.617606 #5033]  INFO -- : 0:  uglifier (2.1.2) from /home/vagrant/.rbenv/versions/1.9.2-p290/lib/ruby/gems/1.9.1/specifications/uglifier-2.1.2.gemspec
I, [2014-01-18T06:54:34.434238 #5090]  INFO -- : 0:  rake (10.1.0) from /home/vagrant/.rbenv/versions/1.9.2-p290/lib/ruby/gems/1.9.1/specifications/rake-10.1.0.gemspec
I, [2014-01-18T06:54:34.436972 #5090]  INFO -- : 0:  i18n (0.6.1) from /home/vagrant/.rbenv/versions/1.9.2-p290/lib/ruby/gems/1.9.1/specifications/i18n-0.6.1.gemspec
I, [2014-01-18T06:54:34.442546 #5090]  INFO -- : 0:  multi_json (1.0.4) from /home/vagrant/.rbenv/versions/1.9.2-p290/lib/ruby/gems/1.9.1/specifications/multi_json-1.0.4.gemspec
I, [2014-01-18T06:54:34.444729 #5090]  INFO -- : 0:  activesupport (3.2.13) from /home/vagrant/.rbenv/versions/1.9.2-p290/lib/ruby/gems/1.9.1/specifications/activesupport-3.2.13.gemspec
I, [2014-01-18T06:54:34.446824 #5090]  INFO -- : 0:  builder (3.0.4) from /home/vagrant/.rbenv/versions/1.9.2-p290/lib/ruby/gems/1.9.1/specifications/builder-3.0.4.gemspec
I, [2014-01-18T06:54:34.449736 #5090]  INFO -- : 0:  activemodel (3.2.13) from /home/vagrant/.rbenv/versions/1.9.2-p290/lib/ruby/gems/1.9.1/specifications/activemodel-3.2.13.gemspec
I, [2014-01-18T06:54:34.452777 #5090]  INFO -- : 0:  erubis (2.7.0) from /home/vagrant/.rbenv/versions/1.9.2-p290/lib/ruby/gems/1.9.1/specifications/erubis-2.7.0.gemspec
I, [2014-01-18T06:54:34.457234 #5090]  INFO -- : 0:  journey (1.0.4) from /home/vagrant/.rbenv/versions/1.9.2-p290/lib/ruby/gems/1.9.1/specifications/journey-1.0.4.gemspec
I, [2014-01-18T06:54:34.459528 #5090]  INFO -- : 0:  rack (1.4.5) from /home/vagrant/.rbenv/versions/1.9.2-p290/lib/ruby/gems/1.9.1/specifications/rack-1.4.5.gemspec
I, [2014-01-18T06:54:34.463233 #5090]  INFO -- : 0:  rack-cache (1.2) from /home/vagrant/.rbenv/versions/1.9.2-p290/lib/ruby/gems/1.9.1/specifications/rack-cache-1.2.gemspec
I, [2014-01-18T06:54:34.465586 #5090]  INFO -- : 0:  rack-test (0.6.2) from /home/vagrant/.rbenv/versions/1.9.2-p290/lib/ruby/gems/1.9.1/specifications/rack-test-0.6.2.gemspec
I, [2014-01-18T06:54:34.468548 #5090]  INFO -- : 0:  hike (1.2.3) from /home/vagrant/.rbenv/versions/1.9.2-p290/lib/ruby/gems/1.9.1/specifications/hike-1.2.3.gemspec
I, [2014-01-18T06:54:34.470961 #5090]  INFO -- : 0:  tilt (1.4.1) from /home/vagrant/.rbenv/versions/1.9.2-p290/lib/ruby/gems/1.9.1/specifications/tilt-1.4.1.gemspec
I, [2014-01-18T06:54:34.474450 #5090]  INFO -- : 0:  sprockets (2.2.2) from /home/vagrant/.rbenv/versions/1.9.2-p290/lib/ruby/gems/1.9.1/specifications/sprockets-2.2.2.gemspec
I, [2014-01-18T06:54:34.476703 #5090]  INFO -- : 0:  actionpack (3.2.13) from /home/vagrant/.rbenv/versions/1.9.2-p290/lib/ruby/gems/1.9.1/specifications/actionpack-3.2.13.gemspec
I, [2014-01-18T06:54:34.478747 #5090]  INFO -- : 0:  mime-types (1.23) from /home/vagrant/.rbenv/versions/1.9.2-p290/lib/ruby/gems/1.9.1/specifications/mime-types-1.23.gemspec
I, [2014-01-18T06:54:34.481922 #5090]  INFO -- : 0:  polyglot (0.3.3) from /home/vagrant/.rbenv/versions/1.9.2-p290/lib/ruby/gems/1.9.1/specifications/polyglot-0.3.3.gemspec
I, [2014-01-18T06:54:34.485191 #5090]  INFO -- : 0:  treetop (1.4.14) from /home/vagrant/.rbenv/versions/1.9.2-p290/lib/ruby/gems/1.9.1/specifications/treetop-1.4.14.gemspec
I, [2014-01-18T06:54:34.488011 #5090]  INFO -- : 0:  mail (2.5.4) from /home/vagrant/.rbenv/versions/1.9.2-p290/lib/ruby/gems/1.9.1/specifications/mail-2.5.4.gemspec
I, [2014-01-18T06:54:34.491246 #5090]  INFO -- : 0:  actionmailer (3.2.13) from /home/vagrant/.rbenv/versions/1.9.2-p290/lib/ruby/gems/1.9.1/specifications/actionmailer-3.2.13.gemspec
I, [2014-01-18T06:54:34.494852 #5090]  INFO -- : 0:  arel (3.0.2) from /home/vagrant/.rbenv/versions/1.9.2-p290/lib/ruby/gems/1.9.1/specifications/arel-3.0.2.gemspec
I, [2014-01-18T06:54:34.496751 #5090]  INFO -- : 0:  tzinfo (0.3.37) from /home/vagrant/.rbenv/versions/1.9.2-p290/lib/ruby/gems/1.9.1/specifications/tzinfo-0.3.37.gemspec
I, [2014-01-18T06:54:34.499153 #5090]  INFO -- : 0:  activerecord (3.2.13) from /home/vagrant/.rbenv/versions/1.9.2-p290/lib/ruby/gems/1.9.1/specifications/activerecord-3.2.13.gemspec
I, [2014-01-18T06:54:34.502367 #5090]  INFO -- : 0:  activeresource (3.2.13) from /home/vagrant/.rbenv/versions/1.9.2-p290/lib/ruby/gems/1.9.1/specifications/activeresource-3.2.13.gemspec
I, [2014-01-18T06:54:34.504878 #5090]  INFO -- : 0:  bundler (1.5.1) from /home/vagrant/.rbenv/versions/1.9.2-p290/lib/ruby/gems/1.9.1/specifications/bundler-1.5.1.gemspec
I, [2014-01-18T06:54:34.507173 #5090]  INFO -- : 0:  json (1.8.0) from /home/vagrant/.rbenv/versions/1.9.2-p290/lib/ruby/gems/1.9.1/specifications/json-1.8.0.gemspec
I, [2014-01-18T06:54:34.509892 #5090]  INFO -- : 0:  carrierwave (0.9.0) from /home/vagrant/.rbenv/versions/1.9.2-p290/lib/ruby/gems/1.9.1/specifications/carrierwave-0.9.0.gemspec
I, [2014-01-18T06:54:34.512637 #5090]  INFO -- : 0:  coffee-script-source (1.6.3) from /home/vagrant/.rbenv/versions/1.9.2-p290/lib/ruby/gems/1.9.1/specifications/coffee-script-source-1.6.3.gemspec
I, [2014-01-18T06:54:34.514977 #5090]  INFO -- : 0:  execjs (1.4.0) from /home/vagrant/.rbenv/versions/1.9.2-p290/lib/ruby/gems/1.9.1/specifications/execjs-1.4.0.gemspec
I, [2014-01-18T06:54:34.517437 #5090]  INFO -- : 0:  coffee-script (2.2.0) from /home/vagrant/.rbenv/versions/1.9.2-p290/lib/ruby/gems/1.9.1/specifications/coffee-script-2.2.0.gemspec
I, [2014-01-18T06:54:34.520095 #5090]  INFO -- : 0:  rack-ssl (1.3.3) from /home/vagrant/.rbenv/versions/1.9.2-p290/lib/ruby/gems/1.9.1/specifications/rack-ssl-1.3.3.gemspec
I, [2014-01-18T06:54:34.522099 #5090]  INFO -- : 0:  rdoc (3.12.2) from /home/vagrant/.rbenv/versions/1.9.2-p290/lib/ruby/gems/1.9.1/specifications/rdoc-3.12.2.gemspec
I, [2014-01-18T06:54:34.525143 #5090]  INFO -- : 0:  thor (0.18.1) from /home/vagrant/.rbenv/versions/1.9.2-p290/lib/ruby/gems/1.9.1/specifications/thor-0.18.1.gemspec
I, [2014-01-18T06:54:34.528490 #5090]  INFO -- : 0:  railties (3.2.13) from /home/vagrant/.rbenv/versions/1.9.2-p290/lib/ruby/gems/1.9.1/specifications/railties-3.2.13.gemspec
I, [2014-01-18T06:54:34.531451 #5090]  INFO -- : 0:  coffee-rails (3.2.2) from /home/vagrant/.rbenv/versions/1.9.2-p290/lib/ruby/gems/1.9.1/specifications/coffee-rails-3.2.2.gemspec
I, [2014-01-18T06:54:34.534349 #5090]  INFO -- : 0:  excon (0.13.4) from /home/vagrant/.rbenv/versions/1.9.2-p290/lib/ruby/gems/1.9.1/specifications/excon-0.13.4.gemspec
I, [2014-01-18T06:54:34.536204 #5090]  INFO -- : 0:  formatador (0.2.4) from /home/vagrant/.rbenv/versions/1.9.2-p290/lib/ruby/gems/1.9.1/specifications/formatador-0.2.4.gemspec
I, [2014-01-18T06:54:34.551724 #5090]  INFO -- : 0:  net-ssh (2.6.8) from /home/vagrant/.rbenv/versions/1.9.2-p290/lib/ruby/gems/1.9.1/specifications/net-ssh-2.6.8.gemspec
I, [2014-01-18T06:54:34.555211 #5090]  INFO -- : 0:  net-scp (1.0.4) from /home/vagrant/.rbenv/versions/1.9.2-p290/lib/ruby/gems/1.9.1/specifications/net-scp-1.0.4.gemspec
I, [2014-01-18T06:54:34.558177 #5090]  INFO -- : 0:  nokogiri (1.5.10) from /home/vagrant/.rbenv/versions/1.9.2-p290/lib/ruby/gems/1.9.1/specifications/nokogiri-1.5.10.gemspec
I, [2014-01-18T06:54:34.561741 #5090]  INFO -- : 0:  ruby-hmac (0.4.0) from /home/vagrant/.rbenv/versions/1.9.2-p290/lib/ruby/gems/1.9.1/specifications/ruby-hmac-0.4.0.gemspec
I, [2014-01-18T06:54:34.564374 #5090]  INFO -- : 0:  fog (1.3.1) from /home/vagrant/.rbenv/versions/1.9.2-p290/lib/ruby/gems/1.9.1/specifications/fog-1.3.1.gemspec
I, [2014-01-18T06:54:34.566506 #5090]  INFO -- : 0:  gravatar_image_tag (0.1.0) from /home/vagrant/.rbenv/versions/1.9.2-p290/lib/ruby/gems/1.9.1/specifications/gravatar_image_tag-0.1.0.gemspec
I, [2014-01-18T06:54:34.568770 #5090]  INFO -- : 0:  jquery-rails (3.0.4) from /home/vagrant/.rbenv/versions/1.9.2-p290/lib/ruby/gems/1.9.1/specifications/jquery-rails-3.0.4.gemspec
I, [2014-01-18T06:54:34.570959 #5090]  INFO -- : 0:  libv8 (3.16.14.3) from /home/vagrant/.rbenv/versions/1.9.2-p290/lib/ruby/gems/1.9.1/specifications/libv8-3.16.14.3.gemspec
I, [2014-01-18T06:54:34.574162 #5090]  INFO -- : 0:  pg (0.16.0) from /home/vagrant/.rbenv/versions/1.9.2-p290/lib/ruby/gems/1.9.1/specifications/pg-0.16.0.gemspec
I, [2014-01-18T06:54:34.576809 #5090]  INFO -- : 0:  rails (3.2.13) from /home/vagrant/.rbenv/versions/1.9.2-p290/lib/ruby/gems/1.9.1/specifications/rails-3.2.13.gemspec
I, [2014-01-18T06:54:34.579397 #5090]  INFO -- : 0:  ref (1.0.5) from /home/vagrant/.rbenv/versions/1.9.2-p290/lib/ruby/gems/1.9.1/specifications/ref-1.0.5.gemspec
I, [2014-01-18T06:54:34.581960 #5090]  INFO -- : 0:  rmagick (2.13.2) from /home/vagrant/.rbenv/versions/1.9.2-p290/lib/ruby/gems/1.9.1/specifications/rmagick-2.13.2.gemspec
I, [2014-01-18T06:54:34.584009 #5090]  INFO -- : 0:  sass (3.2.10) from /home/vagrant/.rbenv/versions/1.9.2-p290/lib/ruby/gems/1.9.1/specifications/sass-3.2.10.gemspec
I, [2014-01-18T06:54:34.588392 #5090]  INFO -- : 0:  sass-rails (3.2.6) from /home/vagrant/.rbenv/versions/1.9.2-p290/lib/ruby/gems/1.9.1/specifications/sass-rails-3.2.6.gemspec
I, [2014-01-18T06:54:34.591140 #5090]  INFO -- : 0:  sqlite3 (1.3.7) from /home/vagrant/.rbenv/versions/1.9.2-p290/lib/ruby/gems/1.9.1/specifications/sqlite3-1.3.7.gemspec
I, [2014-01-18T06:54:34.594367 #5090]  INFO -- : 0:  therubyracer (0.12.0) from /home/vagrant/.rbenv/versions/1.9.2-p290/lib/ruby/gems/1.9.1/specifications/therubyracer-0.12.0.gemspec
I, [2014-01-18T06:54:34.596574 #5090]  INFO -- : 0:  uglifier (2.1.2) from /home/vagrant/.rbenv/versions/1.9.2-p290/lib/ruby/gems/1.9.1/specifications/uglifier-2.1.2.gemspec
